Performing C SOURCE FILE Test CMAKE_HAVE_LIBC_PTHREAD failed with the following output:
Change Dir: /home/matheus/Dropbox/Mestrado/Tese/Master-thesis-code/build/CMakeFiles/CMakeTmp

Run Build Command(s):/usr/bin/make cmTC_f892c/fast && /usr/bin/make -f CMakeFiles/cmTC_f892c.dir/build.make CMakeFiles/cmTC_f892c.dir/build
make[1]: Entering directory '/home/matheus/Dropbox/Mestrado/Tese/Master-thesis-code/build/CMakeFiles/CMakeTmp'
/usr/local/bin/cmake: /usr/local/ssl/lib/libssl.so.1.0.0: no version information available (required by /usr/local/bin/cmake)
/usr/local/bin/cmake: /usr/local/ssl/lib/libssl.so.1.0.0: no version information available (required by /usr/local/bin/cmake)
/usr/local/bin/cmake: /usr/local/ssl/lib/libssl.so.1.0.0: no version information available (required by /usr/local/bin/cmake)
/usr/local/bin/cmake: /usr/local/ssl/lib/libcrypto.so.1.0.0: no version information available (required by /usr/local/bin/cmake)
Building C object CMakeFiles/cmTC_f892c.dir/src.c.o
/usr/bin/cc   -DCMAKE_HAVE_LIBC_PTHREAD   -o CMakeFiles/cmTC_f892c.dir/src.c.o   -c /home/matheus/Dropbox/Mestrado/Tese/Master-thesis-code/build/CMakeFiles/CMakeTmp/src.c
/usr/local/bin/cmake: /usr/local/ssl/lib/libssl.so.1.0.0: no version information available (required by /usr/local/bin/cmake)
/usr/local/bin/cmake: /usr/local/ssl/lib/libssl.so.1.0.0: no version information available (required by /usr/local/bin/cmake)
/usr/local/bin/cmake: /usr/local/ssl/lib/libssl.so.1.0.0: no version information available (required by /usr/local/bin/cmake)
/usr/local/bin/cmake: /usr/local/ssl/lib/libcrypto.so.1.0.0: no version information available (required by /usr/local/bin/cmake)
Linking C executable cmTC_f892c
/usr/local/bin/cmake -E cmake_link_script CMakeFiles/cmTC_f892c.dir/link.txt --verbose=1
/usr/local/bin/cmake: /usr/local/ssl/lib/libssl.so.1.0.0: no version information available (required by /usr/local/bin/cmake)
/usr/local/bin/cmake: /usr/local/ssl/lib/libssl.so.1.0.0: no version information available (required by /usr/local/bin/cmake)
/usr/local/bin/cmake: /usr/local/ssl/lib/libssl.so.1.0.0: no version information available (required by /usr/local/bin/cmake)
/usr/local/bin/cmake: /usr/local/ssl/lib/libcrypto.so.1.0.0: no version information available (required by /usr/local/bin/cmake)
/usr/bin/cc  -DCMAKE_HAVE_LIBC_PTHREAD    CMakeFiles/cmTC_f892c.dir/src.c.o  -o cmTC_f892c 
CMakeFiles/cmTC_f892c.dir/src.c.o: In function `main':
src.c:(.text+0x3c): undefined reference to `pthread_create'
src.c:(.text+0x48): undefined reference to `pthread_detach'
src.c:(.text+0x59): undefined reference to `pthread_join'
src.c:(.text+0x6d): undefined reference to `pthread_atfork'
collect2: error: ld returned 1 exit status
CMakeFiles/cmTC_f892c.dir/build.make:86: recipe for target 'cmTC_f892c' failed
make[1]: *** [cmTC_f892c] Error 1
make[1]: Leaving directory '/home/matheus/Dropbox/Mestrado/Tese/Master-thesis-code/build/CMakeFiles/CMakeTmp'
Makefile:121: recipe for target 'cmTC_f892c/fast' failed
make: *** [cmTC_f892c/fast] Error 2


Source file was:
#include <pthread.h>

void* test_func(void* data)
{
  return data;
}

int main(void)
{
  pthread_t thread;
  pthread_create(&thread, NULL, test_func, NULL);
  pthread_detach(thread);
  pthread_join(thread, NULL);
  pthread_atfork(NULL, NULL, NULL);
  pthread_exit(NULL);

  return 0;
}

Determining if the function pthread_create exists in the pthreads failed with the following output:
Change Dir: /home/matheus/Dropbox/Mestrado/Tese/Master-thesis-code/build/CMakeFiles/CMakeTmp

Run Build Command(s):/usr/bin/make cmTC_1f4bb/fast && /usr/bin/make -f CMakeFiles/cmTC_1f4bb.dir/build.make CMakeFiles/cmTC_1f4bb.dir/build
make[1]: Entering directory '/home/matheus/Dropbox/Mestrado/Tese/Master-thesis-code/build/CMakeFiles/CMakeTmp'
/usr/local/bin/cmake: /usr/local/ssl/lib/libssl.so.1.0.0: no version information available (required by /usr/local/bin/cmake)
/usr/local/bin/cmake: /usr/local/ssl/lib/libssl.so.1.0.0: no version information available (required by /usr/local/bin/cmake)
/usr/local/bin/cmake: /usr/local/ssl/lib/libssl.so.1.0.0: no version information available (required by /usr/local/bin/cmake)
/usr/local/bin/cmake: /usr/local/ssl/lib/libcrypto.so.1.0.0: no version information available (required by /usr/local/bin/cmake)
Building C object CMakeFiles/cmTC_1f4bb.dir/CheckFunctionExists.c.o
/usr/bin/cc   -DCHECK_FUNCTION_EXISTS=pthread_create   -o CMakeFiles/cmTC_1f4bb.dir/CheckFunctionExists.c.o   -c /usr/local/share/cmake-3.16/Modules/CheckFunctionExists.c
/usr/local/bin/cmake: /usr/local/ssl/lib/libssl.so.1.0.0: no version information available (required by /usr/local/bin/cmake)
/usr/local/bin/cmake: /usr/local/ssl/lib/libssl.so.1.0.0: no version information available (required by /usr/local/bin/cmake)
/usr/local/bin/cmake: /usr/local/ssl/lib/libssl.so.1.0.0: no version information available (required by /usr/local/bin/cmake)
/usr/local/bin/cmake: /usr/local/ssl/lib/libcrypto.so.1.0.0: no version information available (required by /usr/local/bin/cmake)
Linking C executable cmTC_1f4bb
/usr/local/bin/cmake -E cmake_link_script CMakeFiles/cmTC_1f4bb.dir/link.txt --verbose=1
/usr/local/bin/cmake: /usr/local/ssl/lib/libssl.so.1.0.0: no version information available (required by /usr/local/bin/cmake)
/usr/local/bin/cmake: /usr/local/ssl/lib/libssl.so.1.0.0: no version information available (required by /usr/local/bin/cmake)
/usr/local/bin/cmake: /usr/local/ssl/lib/libssl.so.1.0.0: no version information available (required by /usr/local/bin/cmake)
/usr/local/bin/cmake: /usr/local/ssl/lib/libcrypto.so.1.0.0: no version information available (required by /usr/local/bin/cmake)
/usr/bin/cc  -DCHECK_FUNCTION_EXISTS=pthread_create    CMakeFiles/cmTC_1f4bb.dir/CheckFunctionExists.c.o  -o cmTC_1f4bb  -lpthreads 
/usr/bin/ld: cannot find -lpthreads
collect2: error: ld returned 1 exit status
CMakeFiles/cmTC_1f4bb.dir/build.make:86: recipe for target 'cmTC_1f4bb' failed
make[1]: *** [cmTC_1f4bb] Error 1
make[1]: Leaving directory '/home/matheus/Dropbox/Mestrado/Tese/Master-thesis-code/build/CMakeFiles/CMakeTmp'
Makefile:121: recipe for target 'cmTC_1f4bb/fast' failed
make: *** [cmTC_1f4bb/fast] Error 2



